00fbc52b-1a1f-4453-ab73-a906a2eb5c44 bpinsard@bc11306.int.ets1.calculquebec.ca:/localscratch/bpinsard.32416532.0/fmriprep_studycneuromod.mario_sub02_ses022.job timestamp=1666435247.446067815s
0757e2a7-4dbc-4022-ab09-9293ba4317a4 bpinsard@bc12356.int.ets1.calculquebec.ca:/localscratch/bpinsard.32416546.0/fmriprep_studycneuromod.mario_sub03_ses002.job timestamp=1666438070.797913443s
099e8d00-e595-4f48-9080-067e59d50613 bpinsard@bc12226.int.ets1.calculquebec.ca:/localscratch/bpinsard.32416606.0/fmriprep_studycneuromod.mario_sub01_ses018.job timestamp=1666518663.231423759s
0a4e0f2d-f4b2-4e2a-8c64-969e36e9ee2f bpinsard@bc12122.int.ets1.calculquebec.ca:/localscratch/bpinsard.32416599.0/fmriprep_studycneuromod.mario_sub06_ses012.job timestamp=1666491041.385174957s
1274e26e-bc31-44e6-b2af-94e3cea80ffd bpinsard@bc11921.int.ets1.calculquebec.ca:/localscratch/bpinsard.32416598.0/fmriprep_studycneuromod.mario_sub06_ses015.job timestamp=1666490704.941468262s
12e18e8b-67ad-4936-af6a-490b897144b4 bpinsard@bc11858.int.ets1.calculquebec.ca:/localscratch/bpinsard.32416610.0/fmriprep_studycneuromod.mario_sub01_ses016.job timestamp=1666518945.64852053s
17b329b8-77f5-4bfa-9f30-832cfb416e78 bpinsard@bc12052.int.ets1.calculquebec.ca:/localscratch/bpinsard.32416548.0/fmriprep_studycneuromod.mario_sub03_ses016.job timestamp=1666438446.605828258s
184aff6d-a81b-4119-ab10-b192fa6d72fb bpinsard@bc12153.int.ets1.calculquebec.ca:/localscratch/bpinsard.32528511.0/fmriprep_studycneuromod.mario_sub05_ses012.job timestamp=1666877205.407754113s
198310bc-500d-43d0-bd4b-536b78a97e12 bpinsard@bc12235.int.ets1.calculquebec.ca:/localscratch/bpinsard.32416521.0/fmriprep_studycneuromod.mario_sub02_ses021.job timestamp=1666418992.604533886s
1b2d64e8-07d2-4649-b3f2-e6e4dcd7ddd0 bpinsard@bc11946.int.ets1.calculquebec.ca:/localscratch/bpinsard.32520622.0/fmriprep_studycneuromod.mario_sub02_ses012.job timestamp=1666844530.62549423s
1b56b091-41a2-43ca-bdaa-cc227056ad52 bpinsard@bc12206.int.ets1.calculquebec.ca:/localscratch/bpinsard.32416604.0/fmriprep_studycneuromod.mario_sub01_ses007.job timestamp=1666518683.432389182s
1cf06d45-ccc7-41d9-a3a8-117f2b0da854 bpinsard@bc11946.int.ets1.calculquebec.ca:/localscratch/bpinsard.32520615.0/fmriprep_studycneuromod.mario_sub05_ses011.job timestamp=1666842112.135192476s
1dc194db-04f7-43f6-b864-494b442181c6 bpinsard@bc11934.int.ets1.calculquebec.ca:/localscratch/bpinsard.32416643.0/fmriprep_studycneuromod.mario_sub05_ses006.job timestamp=1666521189.807768592s
23a66c36-760b-4c14-9e23-9a9a351ff2b7 bpinsard@bc12053.int.ets1.calculquebec.ca:/localscratch/bpinsard.32416591.0/fmriprep_studycneuromod.mario_sub06_ses004.job timestamp=1666490518.099456146s
281248e4-48c7-45e5-9f9c-1c2b3c3bf37e bpinsard@bc11239.int.ets1.calculquebec.ca:/localscratch/bpinsard.32416531.0/fmriprep_studycneuromod.mario_sub02_ses009.job timestamp=1666435305.014090705s
2bb6d753-6384-49da-a135-9f1947bfb9a5 bpinsard@bc12234.int.ets1.calculquebec.ca:/localscratch/bpinsard.32416613.0/fmriprep_studycneuromod.mario_sub01_ses005.job timestamp=1666519051.649731727s
2da27d46-9186-4017-bd0b-28af737c19a8 bpinsard@beluga1.int.ets1.calculquebec.ca:/lustre04/scratch/bpinsard/mario.fmriprep timestamp=1665680765.994930872s
2f1a8d0f-61e5-4879-8159-9ce33c9dfc15 bpinsard@bc12052.int.ets1.calculquebec.ca:/localscratch/bpinsard.32416564.0/fmriprep_studycneuromod.mario_sub03_ses025.job timestamp=1666445225.576756707s
317334f1-0614-4679-ad3c-dd45b6841fba bpinsard@bc12236.int.ets1.calculquebec.ca:/localscratch/bpinsard.32416522.0/fmriprep_studycneuromod.mario_sub02_ses018.job timestamp=1666421812.851520443s
31add454-4e99-43b6-a99c-ec425db6711f bpinsard@bc12236.int.ets1.calculquebec.ca:/localscratch/bpinsard.32416580.0/fmriprep_studycneuromod.mario_sub06_ses018.job timestamp=1666449791.737770286s
34e14a8b-3ebb-4594-baa3-f900e7d016ce bpinsard@bc12241.int.ets1.calculquebec.ca:/localscratch/bpinsard.32416526.0/fmriprep_studycneuromod.mario_sub02_ses016.job timestamp=1666432239.25569813s
35238d5c-7f26-4647-ab82-84910b3968bc bpinsard@bc11947.int.ets1.calculquebec.ca:/localscratch/bpinsard.32520627.0/fmriprep_studycneuromod.mario_sub06_ses011.job timestamp=1666844546.596835814s
36703c4c-b328-4e13-abce-90d889df533e bpinsard@bc12153.int.ets1.calculquebec.ca:/localscratch/bpinsard.32416626.0/fmriprep_studycneuromod.mario_sub01_ses014.job timestamp=1666520045.738267439s
38a8a504-8276-4c25-85ae-406029ad4293 bpinsard@bc11820.int.ets1.calculquebec.ca:/localscratch/bpinsard.32416601.0/fmriprep_studycneuromod.mario_sub06_ses010.job timestamp=1666518525.920719559s
3ce427ec-0615-444a-a81e-980d40c350c8 bpinsard@bc12003.int.ets1.calculquebec.ca:/localscratch/bpinsard.32416589.0/fmriprep_studycneuromod.mario_sub06_ses009.job timestamp=1666490573.164864649s
3e093720-34d7-4116-8516-0b018a2f2b73 bpinsard@bc11932.int.ets1.calculquebec.ca:/localscratch/bpinsard.32416535.0/fmriprep_studycneuromod.mario_sub02_ses019.job timestamp=1666435616.264076339s
3e7d995c-a9f7-4454-8fb2-0fc6654be0f7 bpinsard@bc11759.int.ets1.calculquebec.ca:/localscratch/bpinsard.32416552.0/fmriprep_studycneuromod.mario_sub03_ses013.job timestamp=1666439416.882542586s
3fbf9c53-e237-461c-94fb-7be4d4402d03 bpinsard@bc12239.int.ets1.calculquebec.ca:/localscratch/bpinsard.32416579.0/fmriprep_studycneuromod.mario_sub06_ses021.job timestamp=1666449624.157821285s
45025fab-ca49-4d8d-9037-a4039e4697fb bpinsard@bc11955.int.ets1.calculquebec.ca:/localscratch/bpinsard.32520614.0/fmriprep_studycneuromod.mario_sub05_ses010.job timestamp=1666841668.685729936s
4578105b-42ab-44a0-a660-3662b26866fa bpinsard@bc12302.int.ets1.calculquebec.ca:/localscratch/bpinsard.32416556.0/fmriprep_studycneuromod.mario_sub03_ses004.job timestamp=1666444094.528722318s
47171969-c783-4418-8e86-f319e381cbb9 bpinsard@bc11814.int.ets1.calculquebec.ca:/localscratch/bpinsard.32416595.0/fmriprep_studycneuromod.mario_sub06_ses019.job timestamp=1666490648.300634078s
4a0cfa77-af03-4207-bb05-ac67ae7d99d5 bpinsard@bc12404.int.ets1.calculquebec.ca:/localscratch/bpinsard.32416554.0/fmriprep_studycneuromod.mario_sub03_ses022.job timestamp=1666439435.167092828s
4e8a00a0-d3bc-4310-97f4-bdc1041bbbb4 bpinsard@bc12138.int.ets1.calculquebec.ca:/localscratch/bpinsard.32416588.0/fmriprep_studycneuromod.mario_sub06_ses013.job timestamp=1666490536.846206134s
4ff37824-e1a2-4d26-9525-9b3acc69ba0e bpinsard@bc12147.int.ets1.calculquebec.ca:/localscratch/bpinsard.32416621.0/fmriprep_studycneuromod.mario_sub01_ses012.job timestamp=1666520063.335712763s
511cde2c-9727-4f74-a5d8-edb489f01d93 bpinsard@bc11947.int.ets1.calculquebec.ca:/localscratch/bpinsard.32520616.0/fmriprep_studycneuromod.mario_sub05_ses013.job timestamp=1666844165.138954397s
547d561c-f2c9-4473-8832-9cedb64cf1ad bpinsard@bc12239.int.ets1.calculquebec.ca:/localscratch/bpinsard.32416581.0/fmriprep_studycneuromod.mario_sub06_ses017.job timestamp=1666449776.914852809s
54d83931-8b17-49b8-8206-0f1447580a6f ria-beluga-storage timestamp=1665681078.827681079s
55d6d005-5812-4df6-82e7-e566afca40fd bpinsard@bc12324.int.ets1.calculquebec.ca:/localscratch/bpinsard.32416568.0/fmriprep_studycneuromod.mario_sub03_ses019.job timestamp=1666446174.538457849s
566581e2-4a25-4717-a596-45b4d3a635f5 bpinsard@bc12340.int.ets1.calculquebec.ca:/localscratch/bpinsard.32416557.0/fmriprep_studycneuromod.mario_sub03_ses026.job timestamp=1666445088.710808157s
56cec0e0-d8d8-4784-ab48-4e6fcfa98f79 bpinsard@bc11313.int.ets1.calculquebec.ca:/localscratch/bpinsard.32416529.0/fmriprep_studycneuromod.mario_sub02_ses005.job timestamp=1666434686.668179467s
5933488a-6e86-4999-95ce-1a05c32b924a bpinsard@bc12259.int.ets1.calculquebec.ca:/localscratch/bpinsard.32416593.0/fmriprep_studycneuromod.mario_sub06_ses024.job timestamp=1666490628.736934337s
59f95e30-9d5f-4456-87a4-8b8f2bdc1b82 bpinsard@bc12326.int.ets1.calculquebec.ca:/localscratch/bpinsard.32416602.0/fmriprep_studycneuromod.mario_sub06_ses014.job timestamp=1666518572.935232031s
5a78e4c7-8b92-41e1-95bf-a0f86dde7b73 bpinsard@bc12235.int.ets1.calculquebec.ca:/localscratch/bpinsard.32416523.0/fmriprep_studycneuromod.mario_sub02_ses017.job timestamp=1666423693.439127702s
5f509436-0219-47dc-9f58-8647ff43130e bpinsard@bc12317.int.ets1.calculquebec.ca:/localscratch/bpinsard.32416620.0/fmriprep_studycneuromod.mario_sub01_ses015.job timestamp=1666519862.463944664s
5f56e51c-3a90-499b-a8f9-c29a804fa83f bpinsard@bc12129.int.ets1.calculquebec.ca:/localscratch/bpinsard.32416619.0/fmriprep_studycneuromod.mario_sub01_ses008.job timestamp=1666519823.407314821s
60358bf6-137a-40f0-b9ed-1df006781b75 bpinsard@bc11948.int.ets1.calculquebec.ca:/localscratch/bpinsard.32520617.0/fmriprep_studycneuromod.mario_sub05_ses014.job timestamp=1666844207.082808424s
660c0728-497e-4d3d-85e7-a74ffd6ceb0d bpinsard@bc12040.int.ets1.calculquebec.ca:/localscratch/bpinsard.32416572.0/fmriprep_studycneuromod.mario_sub03_ses023.job timestamp=1666447310.847511689s
671b1d1f-8eec-4766-bbb4-a7c070a54d86 bpinsard@bc12044.int.ets1.calculquebec.ca:/localscratch/bpinsard.32416614.0/fmriprep_studycneuromod.mario_sub01_ses013.job timestamp=1666519251.334709879s
6892a234-22c1-4940-af43-ecddf252bfb0 bpinsard@bc12242.int.ets1.calculquebec.ca:/localscratch/bpinsard.32416630.0/fmriprep_studycneuromod.mario_sub05_ses005.job timestamp=1666520634.963112762s
6f9ba3f5-f979-4197-bd0c-012980314ba1 bpinsard@bc11854.int.ets1.calculquebec.ca:/localscratch/bpinsard.32416618.0/fmriprep_studycneuromod.mario_sub01_ses019.job timestamp=1666519842.97267521s
71894024-f099-42f7-b8c1-0bd80537817e bpinsard@bc11233.int.ets1.calculquebec.ca:/localscratch/bpinsard.32416547.0/fmriprep_studycneuromod.mario_sub03_ses001.job timestamp=1666438261.942666843s
792c475f-cdf1-4ada-9a77-a14ba1c7d567 bpinsard@bc12235.int.ets1.calculquebec.ca:/localscratch/bpinsard.32416525.0/fmriprep_studycneuromod.mario_sub02_ses001.job timestamp=1666428052.701054976s
7e300faa-6963-436e-9928-6a50b0918b77 bpinsard@bc12235.int.ets1.calculquebec.ca:/localscratch/bpinsard.32416520.0/fmriprep_studycneuromod.mario_sub02_ses007.job timestamp=1666413125.688693638s
7ea6cf66-78aa-42d4-9112-fb30d55c7ca8 bpinsard@bc12040.int.ets1.calculquebec.ca:/localscratch/bpinsard.32416530.0/fmriprep_studycneuromod.mario_sub02_ses013.job timestamp=1666434868.59151313s
8234fdbf-2dff-4eed-a5bb-f3a7d004bbc5 bpinsard@bc11943.int.ets1.calculquebec.ca:/localscratch/bpinsard.32416534.0/fmriprep_studycneuromod.mario_sub02_ses003.job timestamp=1666435287.141907673s
82d8d20d-eaa2-4108-8fc6-a837212b9547 bpinsard@bc12160.int.ets1.calculquebec.ca:/localscratch/bpinsard.32528515.0/fmriprep_studycneuromod.mario_sub05_ses017.job timestamp=1666877704.333424465s
88fe5e54-3ae9-4765-af17-5c94f3791f37 bpinsard@bc12324.int.ets1.calculquebec.ca:/localscratch/bpinsard.32416545.0/fmriprep_studycneuromod.mario_sub03_ses017.job timestamp=1666438090.886630432s
89f9f8d0-8e35-48f5-a6cc-3d5cf6050ddf bpinsard@bc11948.int.ets1.calculquebec.ca:/localscratch/bpinsard.32520619.0/fmriprep_studycneuromod.mario_sub05_ses016.job timestamp=1666844330.802296178s
8d3af390-5ee5-4a80-a956-9c400d92f4e8 bpinsard@bc12404.int.ets1.calculquebec.ca:/localscratch/bpinsard.32416574.0/fmriprep_studycneuromod.mario_sub03_ses012.job timestamp=1666449013.151443947s
918c70f7-042f-4db6-820c-4dbe06050224 bpinsard@bc11957.int.ets1.calculquebec.ca:/localscratch/bpinsard.32416549.0/fmriprep_studycneuromod.mario_sub03_ses006.job timestamp=1666438655.170651159s
94b05453-77b8-41d4-b7c5-239a6f817838 bpinsard@bc11909.int.ets1.calculquebec.ca:/localscratch/bpinsard.32416597.0/fmriprep_studycneuromod.mario_sub06_ses023.job timestamp=1666490667.033851476s
94c72e92-2985-4dbd-bb29-8b41d2df0688 bpinsard@bc12234.int.ets1.calculquebec.ca:/localscratch/bpinsard.32416592.0/fmriprep_studycneuromod.mario_sub06_ses025.job timestamp=1666490554.658888074s
99a735e5-8642-4171-b575-fa8016c54317 bpinsard@bc12307.int.ets1.calculquebec.ca:/localscratch/bpinsard.32416584.0/fmriprep_studycneuromod.mario_sub06_ses016.job timestamp=1666450357.584807018s
9a0cce6f-bcc0-48ab-b6b5-ce8c42a12621 bpinsard@bc12235.int.ets1.calculquebec.ca:/localscratch/bpinsard.32416566.0/fmriprep_studycneuromod.mario_sub03_ses029.job timestamp=1666446001.086095815s
9b71ff18-b8b2-4a10-8c81-676c3811ac4e bpinsard@bc12236.int.ets1.calculquebec.ca:/localscratch/bpinsard.32416578.0/fmriprep_studycneuromod.mario_sub06_ses007.job timestamp=1666449604.733270804s
9f22ca3e-e341-48e2-8dcc-ef380be3be7a bpinsard@bc12052.int.ets1.calculquebec.ca:/localscratch/bpinsard.32416565.0/fmriprep_studycneuromod.mario_sub03_ses024.job timestamp=1666445984.98476554s
9f93122c-8779-4203-b96a-5fc2ade40ffd bpinsard@bc12040.int.ets1.calculquebec.ca:/localscratch/bpinsard.32416543.0/fmriprep_studycneuromod.mario_sub03_ses007.job timestamp=1666437126.784828445s
a0a0c1f7-ae1d-4184-844a-f8901a045728 bpinsard@bc12307.int.ets1.calculquebec.ca:/localscratch/bpinsard.32416541.0/fmriprep_studycneuromod.mario_sub02_ses014.job timestamp=1666436956.726293856s
a1081531-fcb6-4e12-ad55-4284f21c5f44 bpinsard@bc11824.int.ets1.calculquebec.ca:/localscratch/bpinsard.32416542.0/fmriprep_studycneuromod.mario_sub02_ses011.job timestamp=1666437144.456904526s
a11a46d5-753d-4130-bf69-1c8f4e836281 bpinsard@bc12040.int.ets1.calculquebec.ca:/localscratch/bpinsard.32416571.0/fmriprep_studycneuromod.mario_sub03_ses008.job timestamp=1666447727.335626408s
a2180f86-08cf-4922-988e-7698c15e5f1e bpinsard@bc12235.int.ets1.calculquebec.ca:/localscratch/bpinsard.32416524.0/fmriprep_studycneuromod.mario_sub02_ses002.job timestamp=1666424058.935005649s
a37019aa-f775-4483-ab21-009f5875bc48 bpinsard@bc12260.int.ets1.calculquebec.ca:/localscratch/bpinsard.32416594.0/fmriprep_studycneuromod.mario_sub06_ses003.job timestamp=1666490609.222130265s
a77881c6-a756-4b69-be2b-3999de049c40 bpinsard@bc12235.int.ets1.calculquebec.ca:/localscratch/bpinsard.32416550.0/fmriprep_studycneuromod.mario_sub03_ses020.job timestamp=1666438636.877143805s
ab5c47e2-3231-43aa-a159-2b1eef5ed2f2 bpinsard@bc12035.int.ets1.calculquebec.ca:/localscratch/bpinsard.32416590.0/fmriprep_studycneuromod.mario_sub06_ses022.job timestamp=1666490591.257530522s
ad6a6eed-ec4b-40ea-872f-e51a022673c6 bpinsard@bc12356.int.ets1.calculquebec.ca:/localscratch/bpinsard.32416528.0/fmriprep_studycneuromod.mario_sub02_ses020.job timestamp=1666434504.999577115s
af1135b7-e692-4521-ad35-2692cc40b1ae bpinsard@bc11934.int.ets1.calculquebec.ca:/localscratch/bpinsard.32416641.0/fmriprep_studycneuromod.mario_sub05_ses001.job timestamp=1666521014.939338287s
b06e23f9-1b82-4896-a6cb-4d2a7e2b8234 bpinsard@bc12359.int.ets1.calculquebec.ca:/localscratch/bpinsard.32416636.0/fmriprep_studycneuromod.mario_sub05_ses009.job timestamp=1666520730.92980739s
b0937013-d646-457f-af77-92f0979a236d bpinsard@bc11215.int.ets1.calculquebec.ca:/localscratch/bpinsard.32416551.0/fmriprep_studycneuromod.mario_sub03_ses005.job timestamp=1666439394.98346241s
b5a9a5c2-0396-4204-8981-ac400408a5fb bpinsard@beluga4.int.ets1.calculquebec.ca:/localscratch/bpinsard/cneuromod.mario.fmriprep timestamp=1717098639.721269136s
b78554e8-96f0-4fa5-9285-cd7d77466786 unfs3.cneuromod.mario.fmriprep timestamp=1666730398.227645265s
b8619699-54f0-418d-a884-60c47ddafca4 bpinsard@bc12152.int.ets1.calculquebec.ca:/localscratch/bpinsard.32416624.0/fmriprep_studycneuromod.mario_sub01_ses010.job timestamp=1666520025.896821527s
b9edeceb-4130-46a2-b0c3-9497f8089fcc bpinsard@bc12041.int.ets1.calculquebec.ca:/localscratch/bpinsard.32416612.0/fmriprep_studycneuromod.mario_sub01_ses020.job timestamp=1666518981.343271522s
bb3d078b-7d5d-46ae-8003-cb8a0d027c71 bpinsard@bc11848.int.ets1.calculquebec.ca:/localscratch/bpinsard.32416615.0/fmriprep_studycneuromod.mario_sub01_ses009.job timestamp=1666519665.989478482s
bbcd3398-9bdf-4330-ae12-ec0b467666ea bpinsard@elm.criugm.qc.ca:/scratch/tmp/cneuromod.all/mario/fmriprep timestamp=1756143239s
bcd3e765-9df3-4958-b45f-1930b8b84324 bpinsard@bc12235.int.ets1.calculquebec.ca:/localscratch/bpinsard.32416540.0/fmriprep_studycneuromod.mario_sub02_ses010.job timestamp=1666436938.575771927s
c4057aa9-8f8f-48ad-82b6-f60fa05c8e06 bpinsard@bc12204.int.ets1.calculquebec.ca:/localscratch/bpinsard.32416628.0/fmriprep_studycneuromod.mario_sub05_ses008.job timestamp=1666520709.253691121s
c6afc256-64f0-405e-9827-dc44e6e4e648 bpinsard@bc11313.int.ets1.calculquebec.ca:/localscratch/bpinsard.32416583.0/fmriprep_studycneuromod.mario_sub06_ses001.job timestamp=1666450341.939829482s
c79bc2d3-4268-47af-ac2c-729d76459968 bpinsard@bc11233.int.ets1.calculquebec.ca:/localscratch/bpinsard.32416570.0/fmriprep_studycneuromod.mario_sub03_ses027.job timestamp=1666447120.631985126s
c7c5c3d8-9c6a-40e5-94ff-e04124fb5949 bpinsard@bc12152.int.ets1.calculquebec.ca:/localscratch/bpinsard.32528502.0/fmriprep_studycneuromod.mario_sub03_ses018.job timestamp=1666877155.031667376s
ca721569-a26b-4933-980a-af9acccc03b3 bpinsard@bc11957.int.ets1.calculquebec.ca:/localscratch/bpinsard.32416587.0/fmriprep_studycneuromod.mario_sub06_ses005.job timestamp=1666490480.345800375s
ce646866-93ec-43fa-bb94-0191ac06f1a0 bpinsard@bc12034.int.ets1.calculquebec.ca:/localscratch/bpinsard.32416611.0/fmriprep_studycneuromod.mario_sub01_ses006.job timestamp=1666518963.573036699s
d015c33c-38f5-4f2f-8e9c-0f4ab64f5558 bpinsard@bc12224.int.ets1.calculquebec.ca:/localscratch/bpinsard.32416629.0/fmriprep_studycneuromod.mario_sub05_ses007.job timestamp=1666520689.919712474s
d0ebd5f5-9042-4a49-a5d4-85a6f6438925 bpinsard@bc11933.int.ets1.calculquebec.ca:/localscratch/bpinsard.32416640.0/fmriprep_studycneuromod.mario_sub05_ses002.job timestamp=1666521030.069944629s
d39008dc-a711-4901-8117-a6c5dcd502f5 bpinsard@bc12235.int.ets1.calculquebec.ca:/localscratch/bpinsard.32416544.0/fmriprep_studycneuromod.mario_sub03_ses021.job timestamp=1666437503.618063847s
d3d7603d-ef9c-42c0-b615-1878f99bc287 conp-ria-storage timestamp=1717099515.121217902s
d60b8011-007f-4552-b189-ba0b643827f5 bpinsard@bc12201.int.ets1.calculquebec.ca:/localscratch/bpinsard.32416608.0/fmriprep_studycneuromod.mario_sub01_ses002.job timestamp=1666518900.172682438s
d899868f-fdec-4530-852f-df3a4067ef27 bpinsard@bc11948.int.ets1.calculquebec.ca:/localscratch/bpinsard.32520618.0/fmriprep_studycneuromod.mario_sub05_ses015.job timestamp=1666844347.060617914s
d956e2f1-55a2-4a25-90ea-1fbad2fd4ab3 bpinsard@bc11823.int.ets1.calculquebec.ca:/localscratch/bpinsard.32416609.0/fmriprep_studycneuromod.mario_sub01_ses001.job timestamp=1666518926.067898739s
da01103d-04e5-4eda-aff5-738fc1204341 bpinsard@bc12235.int.ets1.calculquebec.ca:/localscratch/bpinsard.32416582.0/fmriprep_studycneuromod.mario_sub06_ses002.job timestamp=1666449962.661457961s
de0400c6-c608-4c5e-b2e4-77677fbb257c bpinsard@bc12214.int.ets1.calculquebec.ca:/localscratch/bpinsard.32416605.0/fmriprep_studycneuromod.mario_sub01_ses021.job timestamp=1666518703.289682364s
de75e9bc-402e-4f81-aebb-85ebc86b0aa6 bpinsard@bc12241.int.ets1.calculquebec.ca:/localscratch/bpinsard.32416527.0/fmriprep_studycneuromod.mario_sub02_ses006.job timestamp=1666432271.604327215s
dee20313-4062-4a3a-8b16-6390070d9065 bpinsard@bc12235.int.ets1.calculquebec.ca:/localscratch/bpinsard.32416575.0/fmriprep_studycneuromod.mario_sub03_ses010.job timestamp=1666449586.442033496s
def56cb7-a75c-4fe9-b7d7-d2499c203eeb bpinsard@bc12106.int.ets1.calculquebec.ca:/localscratch/bpinsard.32416555.0/fmriprep_studycneuromod.mario_sub03_ses030.job timestamp=1666443716.199814985s
dfe78400-9195-47d8-bfdd-1f07eecc7eeb bpinsard@bc12404.int.ets1.calculquebec.ca:/localscratch/bpinsard.32416586.0/fmriprep_studycneuromod.mario_sub06_ses020.job timestamp=1666468751.899391407s
e0df9df6-e3a8-4cae-9a1c-a91ecb64d539 bpinsard@bc12052.int.ets1.calculquebec.ca:/localscratch/bpinsard.32416537.0/fmriprep_studycneuromod.mario_sub02_ses023.job timestamp=1666436375.003602682s
e45055f4-0d35-4ccd-a631-27fb483233bc bpinsard@bc11943.int.ets1.calculquebec.ca:/localscratch/bpinsard.32416567.0/fmriprep_studycneuromod.mario_sub03_ses003.job timestamp=1666446189.603246028s
e50b34ff-05e5-42f6-8d7d-f0bef477934f bpinsard@bc11234.int.ets1.calculquebec.ca:/localscratch/bpinsard.32416536.0/fmriprep_studycneuromod.mario_sub02_ses008.job timestamp=1666436192.634722727s
e62983f7-62c4-453b-8095-aaef5a6e248c bpinsard@bc11957.int.ets1.calculquebec.ca:/localscratch/bpinsard.32416577.0/fmriprep_studycneuromod.mario_sub03_ses011.job timestamp=1666449400.913718414s
e7cbadbf-382c-4647-b711-ebf5747c0b46 bpinsard@bc12045.int.ets1.calculquebec.ca:/localscratch/bpinsard.32416638.0/fmriprep_studycneuromod.mario_sub05_ses004.job timestamp=1666521052.970796746s
e931d07e-f55f-48e2-84d4-f1e2117e0eb4 bpinsard@bc11849.int.ets1.calculquebec.ca:/localscratch/bpinsard.32416538.0/fmriprep_studycneuromod.mario_sub02_ses015.job timestamp=1666436574.095671285s
eaebe077-248d-49c4-b915-f146e7016ba2 bpinsard@bc12150.int.ets1.calculquebec.ca:/localscratch/bpinsard.32528517.0/fmriprep_studycneuromod.mario_sub05_ses018.job timestamp=1666878346.664810812s
eb6ab4c9-e871-457e-bfcb-dc3692307d42 bpinsard@bc12239.int.ets1.calculquebec.ca:/localscratch/bpinsard.32416617.0/fmriprep_studycneuromod.mario_sub01_ses003.job timestamp=1666519684.860271566s
ed0f5c63-616d-4eaa-a0fe-b6b493a6ca9a bpinsard@bc11943.int.ets1.calculquebec.ca:/localscratch/bpinsard.32416553.0/fmriprep_studycneuromod.mario_sub03_ses009.job timestamp=1666439451.57090469s
ef1257f9-fb13-4069-af35-461f6770270f bpinsard@bc12129.int.ets1.calculquebec.ca:/localscratch/bpinsard.32416616.0/fmriprep_studycneuromod.mario_sub01_ses004.job timestamp=1666519643.608249092s
f47ac0c7-b1e9-47af-bbf2-9fd0ed471acf bpinsard@bc21122.int.ets1.calculquebec.ca:/localscratch/bpinsard.32416596.0/fmriprep_studycneuromod.mario_sub06_ses008.job timestamp=1666490685.915798647s
f650a537-b532-4b67-a0ea-8183c5f256b2 bpinsard@bc12356.int.ets1.calculquebec.ca:/localscratch/bpinsard.32416569.0/fmriprep_studycneuromod.mario_sub03_ses028.job timestamp=1666446550.543258772s
f7a4cc7c-1702-40f2-8736-72093bd9b321 bpinsard@bc12103.int.ets1.calculquebec.ca:/localscratch/bpinsard.32416607.0/fmriprep_studycneuromod.mario_sub01_ses017.job timestamp=1666518860.192474762s
f82a1651-c317-4dc7-88aa-829c9f04e004 bpinsard@bc11826.int.ets1.calculquebec.ca:/localscratch/bpinsard.32416585.0/fmriprep_studycneuromod.mario_sub06_ses006.job timestamp=1666467997.731006426s
f869f2a9-87cf-4592-9ef5-e6e57fa5fdb4 bpinsard@bc12342.int.ets1.calculquebec.ca:/localscratch/bpinsard.32416634.0/fmriprep_studycneuromod.mario_sub05_ses003.job timestamp=1666520671.621298959s
f95c4942-c088-430b-92eb-432c4e3b4b49 bpinsard@bc11943.int.ets1.calculquebec.ca:/localscratch/bpinsard.32416576.0/fmriprep_studycneuromod.mario_sub03_ses014.job timestamp=1666449418.918328688s
fd0cb9a8-cdf0-46ba-9430-0b412be2d59a bpinsard@bc12356.int.ets1.calculquebec.ca:/localscratch/bpinsard.32416573.0/fmriprep_studycneuromod.mario_sub03_ses015.job timestamp=1666447876.887796777s
fdb890f5-f76c-4f4a-94d1-f183c850cb37 bpinsard@bc11932.int.ets1.calculquebec.ca:/localscratch/bpinsard.32416533.0/fmriprep_studycneuromod.mario_sub02_ses004.job timestamp=1666435269.054078659s
